TN:
SF:src/index.js
FN:17,scan
FN:24,scanCLI
FN:31,(anonymous_2)
FN:45,scanUsingCustomScanner
FN:52,(anonymous_4)
FN:63,fromParam
FNF:6
FNH:1
FNDA:0,scan
FNDA:0,scanCLI
FNDA:0,(anonymous_2)
FNDA:0,scanUsingCustomScanner
FNDA:0,(anonymous_4)
FNDA:1,fromParam
DA:1,1
DA:2,1
DA:3,1
DA:4,1
DA:5,1
DA:7,1
DA:8,1
DA:9,1
DA:10,1
DA:12,1
DA:18,0
DA:25,0
DA:28,0
DA:31,0
DA:32,0
DA:33,0
DA:34,0
DA:35,0
DA:37,0
DA:46,0
DA:49,0
DA:52,0
DA:53,0
DA:54,0
DA:55,0
DA:56,0
DA:58,0
DA:64,1
LF:28
LH:11
BRF:0
BRH:0
end_of_record
TN:
SF:src/sonar-scanner-executable.js
FN:34,prepareExecEnvironment
FN:64,getSonarScannerExecutable
FN:124,(anonymous_2)
FN:126,(anonymous_3)
FN:129,(anonymous_4)
FN:133,(anonymous_5)
FN:134,(anonymous_6)
FN:138,(anonymous_7)
FN:151,getLocalSonarScannerExecutable
FN:175,findTargetOS
FN:188,getInstallFolderPath
FN:196,isWindows
FN:200,isMac
FN:204,isLinux
FNF:14
FNH:9
FNDA:2,prepareExecEnvironment
FNDA:1,getSonarScannerExecutable
FNDA:1,(anonymous_2)
FNDA:0,(anonymous_3)
FNDA:0,(anonymous_4)
FNDA:0,(anonymous_5)
FNDA:0,(anonymous_6)
FNDA:1,(anonymous_7)
FNDA:0,getLocalSonarScannerExecutable
FNDA:1,findTargetOS
FNDA:2,getInstallFolderPath
FNDA:2,isWindows
FNDA:1,isMac
FNDA:1,isLinux
DA:1,1
DA:2,1
DA:3,1
DA:4,1
DA:5,1
DA:6,1
DA:7,1
DA:8,1
DA:9,1
DA:10,1
DA:11,1
DA:12,1
DA:13,1
DA:15,1
DA:16,1
DA:17,1
DA:18,1
DA:20,1
DA:21,1
DA:23,1
DA:36,2
DA:37,2
DA:38,1
DA:40,2
DA:43,2
DA:44,2
DA:49,2
DA:58,2
DA:66,1
DA:67,1
DA:68,1
DA:69,1
DA:70,1
DA:71,0
DA:73,1
DA:81,1
DA:82,1
DA:83,1
DA:84,1
DA:86,0
DA:87,0
DA:89,1
DA:91,1
DA:92,0
DA:93,0
DA:98,1
DA:99,1
DA:100,1
DA:101,1
DA:102,1
DA:103,1
DA:104,1
DA:106,1
DA:107,1
DA:108,1
DA:109,1
DA:110,0
DA:111,0
DA:112,0
DA:116,0
DA:117,0
DA:119,1
DA:124,1
DA:126,1
DA:127,0
DA:129,1
DA:130,0
DA:132,1
DA:134,0
DA:135,0
DA:139,1
DA:140,1
DA:141,1
DA:144,1
DA:152,0
DA:153,0
DA:154,0
DA:158,0
DA:159,0
DA:160,0
DA:163,0
DA:164,0
DA:165,0
DA:168,0
DA:176,1
DA:177,0
DA:179,1
DA:180,0
DA:182,1
DA:183,1
DA:185,0
DA:189,2
DA:190,2
DA:197,2
DA:201,1
DA:205,1
LF:96
LH:69
BRDA:37,0,0,1
BRDA:37,0,1,1
BRDA:66,1,0,1
BRDA:66,1,1,1
BRDA:66,1,2,1
BRDA:70,2,0,0
BRDA:70,2,1,1
BRDA:91,3,0,0
BRDA:91,3,1,1
BRDA:101,4,0,1
BRDA:101,4,1,0
BRDA:101,4,2,0
BRDA:104,5,0,1
BRDA:104,5,1,1
BRDA:109,6,0,0
BRDA:109,6,1,1
BRDA:109,7,0,1
BRDA:109,7,1,0
BRDA:116,8,0,0
BRDA:116,8,1,0
BRDA:153,9,0,0
BRDA:153,9,1,0
BRDA:176,10,0,0
BRDA:176,10,1,1
BRDA:179,11,0,0
BRDA:179,11,1,1
BRDA:182,12,0,1
BRDA:182,12,1,0
BRDA:189,13,0,2
BRDA:189,13,1,0
BRDA:189,13,2,0
BRF:31
BRH:16
end_of_record
TN:
SF:src/sonar-scanner-params.js
FN:18,defineSonarScannerParams
FN:62,extractInfoFromPackageFile
FN:66,fileExistsInProjectSync
FN:69,dependenceExists
FN:70,(anonymous_4)
FN:102,(anonymous_5)
FN:110,(anonymous_6)
FNF:7
FNH:7
FNDA:13,defineSonarScannerParams
FNDA:12,extractInfoFromPackageFile
FNDA:6,fileExistsInProjectSync
FNDA:5,dependenceExists
FNDA:13,(anonymous_4)
FNDA:10,(anonymous_5)
FNDA:5,(anonymous_6)
DA:1,1
DA:2,1
DA:3,1
DA:4,1
DA:5,1
DA:6,1
DA:7,1
DA:8,1
DA:10,1
DA:12,1
DA:20,13
DA:21,13
DA:22,13
DA:23,13
DA:27,12
DA:34,12
DA:35,12
DA:38,7
DA:39,7
DA:44,13
DA:45,4
DA:49,13
DA:50,2
DA:52,13
DA:53,2
DA:55,13
DA:56,1
DA:59,13
DA:63,12
DA:64,12
DA:65,5
DA:67,6
DA:70,5
DA:71,13
DA:74,5
DA:75,5
DA:78,5
DA:79,5
DA:80,5
DA:81,1
DA:83,5
DA:84,1
DA:86,5
DA:87,1
DA:89,5
DA:90,1
DA:93,5
DA:103,10
DA:111,5
DA:112,5
DA:113,3
DA:115,3
DA:117,3
DA:119,2
DA:122,5
DA:124,1
LF:56
LH:56
BRDA:44,0,0,4
BRDA:44,0,1,9
BRDA:49,1,0,2
BRDA:49,1,1,11
BRDA:52,2,0,2
BRDA:52,2,1,11
BRDA:55,3,0,1
BRDA:55,3,1,12
BRDA:71,4,0,13
BRDA:71,4,1,1
BRDA:74,5,0,5
BRDA:74,5,1,0
BRDA:80,6,0,1
BRDA:80,6,1,4
BRDA:83,7,0,1
BRDA:83,7,1,4
BRDA:86,8,0,1
BRDA:86,8,1,4
BRDA:86,9,0,5
BRDA:86,9,1,1
BRDA:89,10,0,1
BRDA:89,10,1,4
BRDA:89,11,0,5
BRDA:89,11,1,1
BRDA:112,12,0,3
BRDA:112,12,1,2
BRDA:122,13,0,1
BRDA:122,13,1,4
BRDA:122,14,0,5
BRDA:122,14,1,1
BRF:30
BRH:29
end_of_record
